<?xml version="1.0" encoding="UTF-8"?>
<!-- Generated by org.testng.reporters.JUnitReportReporter -->
<testsuite skipped="0" hostname="DESKTOP-TA869E3" name="com.nopcommerce.testCases.TC_AddCustomerTest_003" tests="1" failures="0" timestamp="18 Apr 2020 03:01:35 GMT" time="23.420" errors="0">
  <testcase name="addNewCustomer" time="23.420" classname="com.nopcommerce.testCases.TC_AddCustomerTest_003"/>
</testsuite> <!-- com.nopcommerce.testCases.TC_AddCustomerTest_003 -->
