<?xml version="1.0" encoding="UTF-8"?>
<!-- Generated by org.testng.reporters.JUnitReportReporter -->
<testsuite skipped="0" hostname="DESKTOP-TA869E3" name="com.nopcommerce.testCases.TC_LoginDDT_002" tests="4" failures="0" timestamp="18 Apr 2020 03:01:35 GMT" time="36.999" errors="0">
  <testcase name="logintest" time="7.557" classname="com.nopcommerce.testCases.TC_LoginDDT_002"/>
  <testcase name="logintest" time="14.093" classname="com.nopcommerce.testCases.TC_LoginDDT_002"/>
  <testcase name="logintest" time="7.995" classname="com.nopcommerce.testCases.TC_LoginDDT_002"/>
  <testcase name="logintest" time="7.354" classname="com.nopcommerce.testCases.TC_LoginDDT_002"/>
</testsuite> <!-- com.nopcommerce.testCases.TC_LoginDDT_002 -->
