<?xml version="1.0" encoding="UTF-8"?>
<!-- Generated by org.testng.reporters.JUnitReportReporter -->
<testsuite skipped="0" hostname="DESKTOP-TA869E3" name="com.nopcommerce.testCases.TC_SearchCustomerByEmail_004" tests="1" failures="0" timestamp="19 Apr 2020 01:55:52 GMT" time="11.325" errors="0">
  <testcase name="searchCustomerbyEmail" time="11.325" classname="com.nopcommerce.testCases.TC_SearchCustomerByEmail_004"/>
</testsuite> <!-- com.nopcommerce.testCases.TC_SearchCustomerByEmail_004 -->
