<?xml version="1.0" encoding="UTF-8"?>
<!-- Generated by org.testng.reporters.JUnitReportReporter -->
<testsuite skipped="0" hostname="DESKTOP-TA869E3" name="com.nopcommerce.testCases.TC_LoginTest_001" tests="1" failures="0" timestamp="21 Apr 2020 21:14:50 GMT" time="6.856" errors="0">
  <testcase name="loginTest" time="6.856" classname="com.nopcommerce.testCases.TC_LoginTest_001"/>
</testsuite> <!-- com.nopcommerce.testCases.TC_LoginTest_001 -->
